#-----------------------------------------------------------
# Vivado v2017.2 (64-bit)
# SW Build 1909853 on Thu Jun 15 18:39:09 MDT 2017
# IP Build 1909766 on Thu Jun 15 19:58:00 MDT 2017
# Start of session at: Fri Oct 13 09:09:56 2017
# Process ID: 9332
# Current directory: C:/Users/matthew/Desktop/369/ece369
# Command line: vivado.exe -gui_launcher_event rodinguilauncherevent9444 C:\Users\matthew\Desktop\369\ece369\ece369.xpr
# Log file: C:/Users/matthew/Desktop/369/ece369/vivado.log
# Journal file: C:/Users/matthew/Desktop/369/ece369\vivado.jou
#-----------------------------------------------------------
start_gui
open_project C:/Users/matthew/Desktop/369/ece369/ece369.xpr
Scanning sources...
Finished scanning sources
INFO: [IP_Flow 19-234] Refreshing IP repositories
INFO: [IP_Flow 19-1704] No user IP repositories specified
INFO: [IP_Flow 19-2313] Loaded Vivado IP repository 'C:/Xilinx/Vivado/2017.2/data/ip'.
open_project: Time (s): cpu = 00:00:12 ; elapsed = 00:00:08 . Memory (MB): peak = 675.715 ; gain = 0.000
update_compile_order -fileset sources_1
exit
INFO: [Common 17-206] Exiting Vivado at Fri Oct 13 09:42:22 2017...
